# do {testbench_de_selector14_compile.do}
# Model Technology ModelSim SE-64 vmap 10.7 Lib Mapping Utility 2017.12 Dec  7 2017
# vmap xil_defaultlib modelsim_lib/msim/xil_defaultlib 
# Modifying modelsim.ini
# ** Warning: (vlog-159) Mode option -64 is not supported in this context and will be ignored.
# Model Technology ModelSim SE-64 vlog 10.7 Compiler 2017.12 Dec  7 2017
# Start time: 23:50:10 on Oct 07,2023
# vlog -64 -incr -work xil_defaultlib ../../../../de_selector14.srcs/sources_1/new/de_selecctor14.v ../../../../de_selector14.srcs/sources_1/new/de_selector14_tb.v 
# -- Compiling module de_selector14
# -- Compiling module testbench_de_selector14
# 
# Top level modules:
# 	testbench_de_selector14
# End time: 23:50:10 on Oct 07,2023, Elapsed time: 0:00:00
# Errors: 0, Warnings: 1
# Model Technology ModelSim SE-64 vlog 10.7 Compiler 2017.12 Dec  7 2017
# Start time: 23:50:10 on Oct 07,2023
# vlog -work xil_defaultlib glbl.v 
# -- Compiling module glbl
# 
# Top level modules:
# 	glbl
# End time: 23:50:10 on Oct 07,2023, Elapsed time: 0:00:00
# Errors: 0, Warnings: 0
