# //  ModelSim SE-64 10.7 Dec  7 2017
# //
# //  Copyright 1991-2017 Mentor Graphics Corporation
# //  All Rights Reserved.
# //
# //  ModelSim SE-64 and its associated documentation contain trade
# //  secrets and commercial or financial information that are the property of
# //  Mentor Graphics Corporation and are privileged, confidential,
# //  and exempt from disclosure under the Freedom of Information Act,
# //  5 U.S.C. Section 552. Furthermore, this information
# //  is prohibited from disclosure under the Trade Secrets Act,
# //  18 U.S.C. Section 1905.
# //
# do {testbench_de_selector14_simulate.do}
# vsim -voptargs=""+acc"" -L xil_defaultlib -L unisims_ver -L unimacro_ver -L secureip -lib xil_defaultlib xil_defaultlib.testbench_de_selector14 xil_defaultlib.glbl 
# Start time: 23:50:32 on Oct 07,2023
# ** Note: (vsim-3812) Design is being optimized...
# Loading work.testbench_de_selector14(fast)
# Loading work.de_selector14(fast)
# Loading work.glbl(fast)
# 1
# 1
# .main_pane.wave.interior.cs.body.pw.wf
# .main_pane.structure.interior.cs.body.struct
# .main_pane.objects.interior.cs.body.tree
# End time: 23:54:11 on Oct 07,2023, Elapsed time: 0:03:39
# Errors: 0, Warnings: 0
