# do {decoder_tb_compile.do}
# ** Warning: (vlib-34) Library already exists at "modelsim_lib/work".
# ** Warning: (vlib-34) Library already exists at "modelsim_lib/msim".
# ** Warning: (vlib-34) Library already exists at "modelsim_lib/msim/xil_defaultlib".
# Model Technology ModelSim SE-64 vmap 10.7 Lib Mapping Utility 2017.12 Dec  7 2017
# vmap xil_defaultlib modelsim_lib/msim/xil_defaultlib 
# Modifying modelsim.ini
# ** Warning: (vlog-159) Mode option -64 is not supported in this context and will be ignored.
# Model Technology ModelSim SE-64 vlog 10.7 Compiler 2017.12 Dec  7 2017
# Start time: 23:37:19 on Oct 23,2023
# vlog -64 -incr -work xil_defaultlib ../../../../decoder.srcs/sources_1/new/decoder.v ../../../../decoder.srcs/sources_1/new/decoder_tb.v 
# ** Error: ../../../../decoder.srcs/sources_1/new/decoder.v(13): LHS in procedural continuous assignment may not be a net: oData.
# ** Error: ../../../../decoder.srcs/sources_1/new/decoder.v(14): LHS in procedural continuous assignment may not be a net: oData.
# ** Error: ../../../../decoder.srcs/sources_1/new/decoder.v(15): LHS in procedural continuous assignment may not be a net: oData.
# ** Error: ../../../../decoder.srcs/sources_1/new/decoder.v(16): LHS in procedural continuous assignment may not be a net: oData.
# ** Error: ../../../../decoder.srcs/sources_1/new/decoder.v(17): LHS in procedural continuous assignment may not be a net: oData.
# ** Error: ../../../../decoder.srcs/sources_1/new/decoder.v(18): LHS in procedural continuous assignment may not be a net: oData.
# ** Error: ../../../../decoder.srcs/sources_1/new/decoder.v(19): LHS in procedural continuous assignment may not be a net: oData.
# ** Error: ../../../../decoder.srcs/sources_1/new/decoder.v(20): LHS in procedural continuous assignment may not be a net: oData.
# -- Skipping module decoder_tb
# End time: 23:37:19 on Oct 23,2023, Elapsed time: 0:00:00
# Errors: 8, Warnings: 1
# child process exited abnormally
# Error in macro ./decoder_tb_compile.do line 19
# ** Warning: (vlog-159) Mode option -64 is not supported in this context and will be ignored.
# Model Technology ModelSim SE-64 vlog 10.7 Compiler 2017.12 Dec  7 2017
# Start time: 23:37:19 on Oct 23,2023
# vlog -64 -incr -work xil_defaultlib ../../../../decoder.srcs/sources_1/new/decoder.v ../../../../decoder.srcs/sources_1/new/decoder_tb.v 
# ** Error: ../../../../decoder.srcs/sources_1/new/decoder.v(13): LHS in procedural continuous assignment may not be a net: oData.
# ** Error: ../../../../decoder.srcs/sources_1/new/decoder.v(14): LHS in procedural continuous assignment may not be a net: oData.
# ** Error: ../../../../decoder.srcs/sources_1/new/decoder.v(15): LHS in procedural continuous assignment may not be a net: oData.
# ** Error: ../../../../decoder.srcs/sources_1/new/decoder.v(16): LHS in procedural continuous assignment may not be a net: oData.
# ** Error: ../../../../decoder.srcs/sources_1/new/decoder.v(17): LHS in procedural continuous assignment may not be a net: oData.
# ** Error: ../../../../decoder.srcs/sources_1/new/decoder.v(18): LHS in procedural continuous assignment may not be a net: oData.
# ** Error: ../../../../decoder.srcs/sources_1/new/decoder.v(19): LHS in procedural continuous assignment may not be a net: oData.
# ** Error: ../../../../decoder.srcs/sources_1/new/decoder.v(20): LHS in procedural continuous assignment may not be a net: oData.
# -- Skipping module decoder_tb
# End time: 23:37:19 on Oct 23,2023, Elapsed time: 0:00:00
# Errors: 8, Warnings: 1
# child process exited abnormally
#     while executing
# "exec <nul: {D:\modeltech64_10.7\win64\vlog.EXE} -64 -incr -work xil_defaultlib ../../../../decoder.srcs/sources_1/new/decoder.v ../../../../decoder.sr..."
#     ("uplevel" body line 1)
#     invoked from within
# "uplevel 1 exec $redir $new [lrange $args 1 end]"
#     (procedure "::unknown" line 47)
#     invoked from within
# "D:\\modeltech64_10.7\\win64\\vlog -64 -incr -work xil_defaultlib  \
# "../../../../decoder.srcs/sources_1/new/decoder.v" \
# "../../../../decoder.srcs/sou..."
