# //  ModelSim SE-64 10.7 Dec  7 2017
# //
# //  Copyright 1991-2017 Mentor Graphics Corporation
# //  All Rights Reserved.
# //
# //  ModelSim SE-64 and its associated documentation contain trade
# //  secrets and commercial or financial information that are the property of
# //  Mentor Graphics Corporation and are privileged, confidential,
# //  and exempt from disclosure under the Freedom of Information Act,
# //  5 U.S.C. Section 552. Furthermore, this information
# //  is prohibited from disclosure under the Trade Secrets Act,
# //  18 U.S.C. Section 1905.
# //
# do {transmission8_tb_simulate.do}
# vsim -voptargs=""+acc"" -L xil_defaultlib -L unisims_ver -L unimacro_ver -L secureip -lib xil_defaultlib xil_defaultlib.transmission8_tb xil_defaultlib.glbl 
# Start time: 19:39:59 on Oct 13,2023
# ** Note: (vsim-3813) Design is being optimized due to module recompilation...
# Loading work.transmission8_tb(fast)
# Loading work.transmission8(fast)
# Loading work.glbl(fast)
# 1
# 1
# .main_pane.wave.interior.cs.body.pw.wf
# .main_pane.structure.interior.cs.body.struct
# .main_pane.objects.interior.cs.body.tree
# Input A=0, B=0, C=0, iData=00000000, Output oData=11111110
# Input A=0, B=0, C=1, iData=00000000, Output oData=11111101
# Input A=0, B=1, C=0, iData=00000000, Output oData=11111011
# Input A=0, B=1, C=1, iData=00000000, Output oData=11110111
# Input A=1, B=0, C=0, iData=00000000, Output oData=11101111
# Input A=1, B=0, C=1, iData=00000000, Output oData=11011111
# Input A=1, B=1, C=0, iData=00000000, Output oData=10111111
# Input A=1, B=1, C=1, iData=00000000, Output oData=01111111
# End time: 20:40:43 on Oct 13,2023, Elapsed time: 1:00:44
# Errors: 0, Warnings: 0
