# //  ModelSim SE-64 10.7 Dec  7 2017
# //
# //  Copyright 1991-2017 Mentor Graphics Corporation
# //  All Rights Reserved.
# //
# //  ModelSim SE-64 and its associated documentation contain trade
# //  secrets and commercial or financial information that are the property of
# //  Mentor Graphics Corporation and are privileged, confidential,
# //  and exempt from disclosure under the Freedom of Information Act,
# //  5 U.S.C. Section 552. Furthermore, this information
# //  is prohibited from disclosure under the Trade Secrets Act,
# //  18 U.S.C. Section 1905.
# //
# do {encoder83_Pri_tb_simulate.do}
# vsim -voptargs=""+acc"" -L xil_defaultlib -L unisims_ver -L unimacro_ver -L secureip -lib xil_defaultlib xil_defaultlib.encoder83_Pri_tb xil_defaultlib.glbl 
# Start time: 21:51:52 on Oct 21,2023
# ** Note: (vsim-3813) Design is being optimized due to module recompilation...
# Loading work.encoder83_Pri_tb(fast)
# Loading work.encoder83_Pri(fast)
# Loading work.glbl(fast)
# ** Error (suppressible): (vsim-3009) [TSCALE] - Module 'encoder83_Pri_tb' does not have a timeunit/timeprecision specification in effect, but other modules do.
#    Time: 0 fs  Iteration: 0  Instance: /glbl File: glbl.v
# Error loading design
# Error: Error loading design
#        Pausing macro execution
# MACRO ./encoder83_Pri_tb_simulate.do PAUSED at line 9
# End time: 21:52:27 on Oct 21,2023, Elapsed time: 0:00:35
# Errors: 1, Warnings: 0
