# do {game_tb_compile.do}
# ** Warning: (vlib-34) Library already exists at "modelsim_lib/work".
# ** Warning: (vlib-34) Library already exists at "modelsim_lib/msim".
# ** Warning: (vlib-34) Library already exists at "modelsim_lib/msim/xil_defaultlib".
# ** Warning: (vlib-34) Library already exists at "modelsim_lib/msim/xpm".
# ** Warning: (vlib-34) Library already exists at "modelsim_lib/msim/blk_mem_gen_v8_4_3".
# Model Technology ModelSim SE-64 vmap 10.7 Lib Mapping Utility 2017.12 Dec  7 2017
# vmap xil_defaultlib modelsim_lib/msim/xil_defaultlib 
# Modifying modelsim.ini
# Model Technology ModelSim SE-64 vmap 10.7 Lib Mapping Utility 2017.12 Dec  7 2017
# vmap xpm modelsim_lib/msim/xpm 
# Modifying modelsim.ini
# Model Technology ModelSim SE-64 vmap 10.7 Lib Mapping Utility 2017.12 Dec  7 2017
# vmap blk_mem_gen_v8_4_3 modelsim_lib/msim/blk_mem_gen_v8_4_3 
# Modifying modelsim.ini
# ** Warning: (vlog-159) Mode option -64 is not supported in this context and will be ignored.
# Model Technology ModelSim SE-64 vlog 10.7 Compiler 2017.12 Dec  7 2017
# Start time: 17:56:51 on Jan 13,2024
# vlog -64 -incr -sv -work xil_defaultlib E:/NL/Vivado/Vivado/2019.1/data/ip/xpm/xpm_memory/hdl/xpm_memory.sv 
# -- Skipping module xpm_memory_base
# -- Skipping module asym_bwe_bb
# -- Skipping module xpm_memory_dpdistram
# -- Skipping module xpm_memory_dprom
# -- Skipping module xpm_memory_sdpram
# -- Skipping module xpm_memory_spram
# -- Skipping module xpm_memory_sprom
# -- Skipping module xpm_memory_tdpram
# 
# Top level modules:
# 	xpm_memory_dpdistram
# 	xpm_memory_dprom
# 	xpm_memory_sdpram
# 	xpm_memory_spram
# 	xpm_memory_sprom
# 	xpm_memory_tdpram
# End time: 17:56:52 on Jan 13,2024, Elapsed time: 0:00:01
# Errors: 0, Warnings: 1
# ** Warning: (vcom-159) Mode option -64 is not supported in this context and will be ignored.
# Model Technology ModelSim SE-64 vcom 10.7 Compiler 2017.12 Dec  7 2017
# Start time: 17:56:52 on Jan 13,2024
# vcom -64 -93 -work xpm E:/NL/Vivado/Vivado/2019.1/data/ip/xpm/xpm_VCOMP.vhd 
# -- Loading package STANDARD
# -- Loading package TEXTIO
# -- Loading package std_logic_1164
# -- Compiling package VCOMPONENTS
# End time: 17:56:52 on Jan 13,2024, Elapsed time: 0:00:00
# Errors: 0, Warnings: 1
# ** Warning: (vlog-159) Mode option -64 is not supported in this context and will be ignored.
# Model Technology ModelSim SE-64 vlog 10.7 Compiler 2017.12 Dec  7 2017
# Start time: 17:56:52 on Jan 13,2024
# vlog -64 -incr -work blk_mem_gen_v8_4_3 ../../../../2048Diu.ip_user_files/ipstatic/simulation/blk_mem_gen_v8_4.v 
# -- Skipping module STATE_LOGIC_v8_4
# -- Skipping module beh_vlog_muxf7_v8_4
# -- Skipping module beh_vlog_ff_clr_v8_4
# -- Skipping module beh_vlog_ff_pre_v8_4
# -- Skipping module beh_vlog_ff_ce_clr_v8_4
# -- Skipping module write_netlist_v8_4
# -- Skipping module read_netlist_v8_4
# -- Skipping module blk_mem_axi_write_wrapper_beh_v8_4
# -- Skipping module blk_mem_axi_read_wrapper_beh_v8_4
# -- Skipping module blk_mem_axi_regs_fwd_v8_4
# -- Skipping module blk_mem_gen_v8_4_3_output_stage
# -- Skipping module blk_mem_gen_v8_4_3_softecc_output_reg_stage
# -- Skipping module blk_mem_gen_v8_4_3_mem_module
# -- Skipping module blk_mem_gen_v8_4_3
# 
# Top level modules:
# 	blk_mem_gen_v8_4_3
# End time: 17:56:52 on Jan 13,2024, Elapsed time: 0:00:00
# Errors: 0, Warnings: 1
# ** Warning: (vlog-159) Mode option -64 is not supported in this context and will be ignored.
# Model Technology ModelSim SE-64 vlog 10.7 Compiler 2017.12 Dec  7 2017
# Start time: 17:56:52 on Jan 13,2024
# vlog -64 -incr -work xil_defaultlib ../../../../2048Diu.srcs/sources_1/ip/blk_mem_gen_0/sim/blk_mem_gen_0.v ../../../../2048Diu.srcs/sources_1/new/BCDto8seg.v ../../../../2048Diu.srcs/sources_1/new/Divider.v ../../../../2048Diu.srcs/sources_1/new/MyMP3.v ../../../../2048Diu.srcs/sources_1/new/clkdiv.v ../../../../2048Diu.srcs/sources_1/new/gen.v ../../../../2048Diu.srcs/sources_1/new/move.v ../../../../2048Diu.srcs/sources_1/new/random.v ../../../../2048Diu.srcs/sources_1/new/score.v ../../../../2048Diu.srcs/sources_1/new/seg.v ../../../../2048Diu.srcs/sources_1/new/shake.v ../../../../2048Diu.srcs/sources_1/new/toBCD.v ../../../../2048Diu.srcs/sources_1/new/top_game.v ../../../../2048Diu.srcs/sources_1/new/vga.v ../../../../2048Diu.srcs/sources_1/new/game_tb.v 
# -- Skipping module blk_mem_gen_0
# -- Skipping module bcdto8segment_dataflow
# -- Skipping module Divider
# -- Skipping module MyMP3
# -- Skipping module clkdiv
# -- Skipping module gen
# -- Skipping module move
# -- Skipping module random
# -- Skipping module score
# -- Skipping module seg
# -- Skipping module shake
# -- Skipping module BCDseg
# -- Skipping module game
# -- Skipping module vga
# -- Skipping module game_tb
# 
# Top level modules:
# 	game_tb
# End time: 17:56:52 on Jan 13,2024, Elapsed time: 0:00:00
# Errors: 0, Warnings: 1
# Model Technology ModelSim SE-64 vlog 10.7 Compiler 2017.12 Dec  7 2017
# Start time: 17:56:52 on Jan 13,2024
# vlog -work xil_defaultlib glbl.v 
# -- Compiling module glbl
# 
# Top level modules:
# 	glbl
# End time: 17:56:53 on Jan 13,2024, Elapsed time: 0:00:01
# Errors: 0, Warnings: 0
