# //  ModelSim SE-64 10.7 Dec  7 2017
# //
# //  Copyright 1991-2017 Mentor Graphics Corporation
# //  All Rights Reserved.
# //
# //  ModelSim SE-64 and its associated documentation contain trade
# //  secrets and commercial or financial information that are the property of
# //  Mentor Graphics Corporation and are privileged, confidential,
# //  and exempt from disclosure under the Freedom of Information Act,
# //  5 U.S.C. Section 552. Furthermore, this information
# //  is prohibited from disclosure under the Trade Secrets Act,
# //  18 U.S.C. Section 1905.
# //
# do {game_tb_simulate.do}
# vsim -voptargs=""+acc"" -L xil_defaultlib -L xpm -L blk_mem_gen_v8_4_3 -L unisims_ver -L unimacro_ver -L secureip -lib xil_defaultlib xil_defaultlib.game_tb xil_defaultlib.glbl 
# Start time: 17:57:12 on Jan 13,2024
# ** Note: (vsim-3812) Design is being optimized...
# ** Error: (vopt-3) System call CreateProcess() failed.
# Á≥ªÁªüÊâæ‰∏çÂà∞ÊåáÂÆöÁöÑÊ() = 2)
# ** Error: (vopt-1974) vopt.exe invocation 'D:/modeltech64_10.7/win64\voptk.exe' failed.
# Error loading design
# Error: Error loading design
#        Pausing macro execution
# MACRO ./game_tb_simulate.do PAUSED at line 9
# End time: 17:57:18 on Jan 13,2024, Elapsed time: 0:00:06
# Errors: 2, Warnings: 0
