# do {encoder83_tb_compile.do}
# ** Warning: (vlib-34) Library already exists at "modelsim_lib/work".
# ** Warning: (vlib-34) Library already exists at "modelsim_lib/msim".
# ** Warning: (vlib-34) Library already exists at "modelsim_lib/msim/xil_defaultlib".
# Model Technology ModelSim SE-64 vmap 10.7 Lib Mapping Utility 2017.12 Dec  7 2017
# vmap xil_defaultlib modelsim_lib/msim/xil_defaultlib 
# Modifying modelsim.ini
# ** Warning: (vlog-159) Mode option -64 is not supported in this context and will be ignored.
# Model Technology ModelSim SE-64 vlog 10.7 Compiler 2017.12 Dec  7 2017
# Start time: 20:20:21 on Oct 19,2023
# vlog -64 -incr -work xil_defaultlib ../../../../encoder83.srcs/sources_1/new/encoder83.v ../../../../encoder83.srcs/sources_1/new/encoder83_tb.v 
# -- Skipping module encoder83
# -- Compiling module encoder83_tb
# 
# Top level modules:
# 	encoder83_tb
# End time: 20:20:21 on Oct 19,2023, Elapsed time: 0:00:00
# Errors: 0, Warnings: 1
# Model Technology ModelSim SE-64 vlog 10.7 Compiler 2017.12 Dec  7 2017
# Start time: 20:20:21 on Oct 19,2023
# vlog -work xil_defaultlib glbl.v 
# -- Compiling module glbl
# 
# Top level modules:
# 	glbl
# End time: 20:20:22 on Oct 19,2023, Elapsed time: 0:00:01
# Errors: 0, Warnings: 0
