# //  ModelSim SE-64 10.7 Dec  7 2017
# //
# //  Copyright 1991-2017 Mentor Graphics Corporation
# //  All Rights Reserved.
# //
# //  ModelSim SE-64 and its associated documentation contain trade
# //  secrets and commercial or financial information that are the property of
# //  Mentor Graphics Corporation and are privileged, confidential,
# //  and exempt from disclosure under the Freedom of Information Act,
# //  5 U.S.C. Section 552. Furthermore, this information
# //  is prohibited from disclosure under the Trade Secrets Act,
# //  18 U.S.C. Section 1905.
# //
# do {encoder83_tb_simulate.do}
# vsim -voptargs=""+acc"" -L xil_defaultlib -L unisims_ver -L unimacro_ver -L secureip -lib xil_defaultlib xil_defaultlib.encoder83_tb xil_defaultlib.glbl 
# Start time: 20:20:37 on Oct 19,2023
# ** Note: (vsim-3813) Design is being optimized due to module recompilation...
# Loading work.encoder83_tb(fast)
# Loading work.encoder83(fast)
# Loading work.glbl(fast)
# 1
# 1
# .main_pane.wave.interior.cs.body.pw.wf
# .main_pane.structure.interior.cs.body.struct
# .main_pane.objects.interior.cs.body.tree
# iData = 00000001, oData = 000
# iData = 00000010, oData = 001
# iData = 00000100, oData = 010
# iData = 00001000, oData = 011
# iData = 00010000, oData = 100
# iData = 00100000, oData = 101
# iData = 01000000, oData = 110
# iData = 10000000, oData = 111
# ** Note: $finish    : ../../../../encoder83.srcs/sources_1/new/encoder83_tb.v(21)
#    Time: 80 ns  Iteration: 0  Instance: /encoder83_tb
# 1
# Break in Module encoder83_tb at ../../../../encoder83.srcs/sources_1/new/encoder83_tb.v line 21
# End time: 21:27:27 on Oct 19,2023, Elapsed time: 1:06:50
# Errors: 0, Warnings: 0
