#-----------------------------------------------------------
# Vivado v2019.1 (64-bit)
# SW Build 2552052 on Fri May 24 14:49:42 MDT 2019
# IP Build 2548770 on Fri May 24 18:01:18 MDT 2019
# Start of session at: Thu Jan 11 14:03:56 2024
# Process ID: 3736
# Current directory: E:/NL/projects/2048Diu
# Command line: vivado.exe -gui_launcher_event rodinguilauncherevent21792 E:\NL\projects\2048Diu\2048Diu.xpr
# Log file: E:/NL/projects/2048Diu/vivado.log
# Journal file: E:/NL/projects/2048Diu\vivado.jou
#-----------------------------------------------------------
start_gui
open_project E:/NL/projects/2048Diu/2048Diu.xpr
Scanning sources...
Finished scanning sources
WARNING: [Project 1-509] GeneratedRun file for 'blk_mem_gen_0_synth_1' not found
INFO: [IP_Flow 19-234] Refreshing IP repositories
INFO: [IP_Flow 19-1704] No user IP repositories specified
INFO: [IP_Flow 19-2313] Loaded Vivado IP repository 'E:/NL/Vivado/Vivado/2019.1/data/ip'.
update_compile_order -fileset sources_1
launch_runs impl_1 -to_step write_bitstream -jobs 4
[Thu Jan 11 14:04:36 2024] Launched blk_mem_gen_0_synth_1, synth_1...
Run output will be captured here:
blk_mem_gen_0_synth_1: E:/NL/projects/2048Diu/2048Diu.runs/blk_mem_gen_0_synth_1/runme.log
synth_1: E:/NL/projects/2048Diu/2048Diu.runs/synth_1/runme.log
[Thu Jan 11 14:04:36 2024] Launched impl_1...
Run output will be captured here: E:/NL/projects/2048Diu/2048Diu.runs/impl_1/runme.log
WARNING: [IP_Flow 19-4067] Ignoring invalid widget type specified checkbox.Providing a default widget
WARNING: [IP_Flow 19-4067] Ignoring invalid widget type specified checkbox.Providing a default widget
close_project
open_project E:/NL/projects/Diu2048/Diu2048.xpr
Scanning sources...
Finished scanning sources
INFO: [IP_Flow 19-234] Refreshing IP repositories
INFO: [IP_Flow 19-1704] No user IP repositories specified
INFO: [IP_Flow 19-2313] Loaded Vivado IP repository 'E:/NL/Vivado/Vivado/2019.1/data/ip'.
update_compile_order -fileset sources_1
WARNING: [IP_Flow 19-4067] Ignoring invalid widget type specified checkbox.Providing a default widget
WARNING: [IP_Flow 19-4067] Ignoring invalid widget type specified checkbox.Providing a default widget
launch_runs impl_1 -to_step write_bitstream -jobs 4
[Thu Jan 11 14:09:45 2024] Launched blk_mem_gen_0_synth_1, synth_1...
Run output will be captured here:
blk_mem_gen_0_synth_1: E:/NL/projects/Diu2048/Diu2048.runs/blk_mem_gen_0_synth_1/runme.log
synth_1: E:/NL/projects/Diu2048/Diu2048.runs/synth_1/runme.log
[Thu Jan 11 14:09:45 2024] Launched impl_1...
Run output will be captured here: E:/NL/projects/Diu2048/Diu2048.runs/impl_1/runme.log
reset_run synth_1
reset_run blk_mem_gen_0_synth_1
WARNING: [Vivado 12-1017] Problems encountered:
1. PID not specified

exit
INFO: [Common 17-206] Exiting Vivado at Thu Jan 11 14:12:42 2024...
