Copyright 1986-2019 Xilinx, Inc. All Rights Reserved.
------------------------------------------------------------------------------------------------------
| Tool Version : Vivado v.2019.1 (win64) Build 2552052 Fri May 24 14:49:42 MDT 2019
| Date         : Sat Jan 13 13:59:46 2024
| Host         : Hyoungs running 64-bit major release  (build 9200)
| Command      : report_drc -file game_drc_routed.rpt -pb game_drc_routed.pb -rpx game_drc_routed.rpx
| Design       : game
| Device       : xc7a100tcsg324-1
| Speed File   : -1
| Design State : Fully Routed
------------------------------------------------------------------------------------------------------

Report DRC

Table of Contents
-----------------
1. REPORT SUMMARY
2. REPORT DETAILS

1. REPORT SUMMARY
-----------------
            Netlist: netlist
          Floorplan: design_1
      Design limits: <entire design considered>
           Ruledeck: default
             Max violations: <unlimited>
             Violations found: 20
+-----------+----------+--------------------------------------------------------------+------------+
| Rule      | Severity | Description                                                  | Violations |
+-----------+----------+--------------------------------------------------------------+------------+
| CFGBVS-1  | Warning  | Missing CFGBVS and CONFIG_VOLTAGE Design Properties          | 1          |
| PDCN-137  | Warning  | enum_RAM_EXTENSION_A_not_NONE_connects_ADDRARDADDRL15_Tieoff | 14         |
| PDRC-153  | Warning  | Gated clock check                                            | 4          |
| RTSTAT-10 | Warning  | No routable loads                                            | 1          |
+-----------+----------+--------------------------------------------------------------+------------+

2. REPORT DETAILS
-----------------
CFGBVS-1#1 Warning
Missing CFGBVS and CONFIG_VOLTAGE Design Properties  
Neither the CFGBVS nor CONFIG_VOLTAGE voltage property is set in the current_design.  Configuration bank voltage select (CFGBVS) must be set to VCCO or GND, and CONFIG_VOLTAGE must be set to the correct configuration voltage, in order to determine the I/O voltage support for the pins in bank 0.  It is suggested to specify these either using the 'Edit Device Properties' function in the GUI or directly in the XDC file using the following syntax:

 set_property CFGBVS value1 [current_design]
 #where value1 is either VCCO or GND

 set_property CONFIG_VOLTAGE value2 [current_design]
 #where value2 is the voltage provided to configuration bank 0

Refer to the device configuration user guide for more information.
Related violations: <none>

PDCN-137#1 Warning
enum_RAM_EXTENSION_A_not_NONE_connects_ADDRARDADDRL15_Tieoff  
RAMB36E1 site RAMB36_X1Y17 has BlockRam (mp3_inst/music_0/U0/inst_blk_mem_gen/gnbram.gnativebmg.native_blk_mem_gen/valid.cstr/ramloop[20].ram.r/prim_init.ram/DEVICE_7SERIES.NO_BMM_INFO.SP.CASCADED_PRIM36.ram_B) with RAM_EXTENSION_A attribute set to LOWER and ADDRARADDRL15 pin tied to LOGIC 0 (GND). In this case only the Lower BRAM will be used.
Related violations: <none>

PDCN-137#2 Warning
enum_RAM_EXTENSION_A_not_NONE_connects_ADDRARDADDRL15_Tieoff  
RAMB36E1 site RAMB36_X1Y18 has BlockRam (mp3_inst/music_0/U0/inst_blk_mem_gen/gnbram.gnativebmg.native_blk_mem_gen/valid.cstr/ramloop[20].ram.r/prim_init.ram/DEVICE_7SERIES.NO_BMM_INFO.SP.CASCADED_PRIM36.ram_T) with RAM_EXTENSION_A attribute set to UPPER and ADDRARADDRL15 pin tied to LOGIC 0 (GND). In this case only the Lower BRAM will be used.
Related violations: <none>

PDCN-137#3 Warning
enum_RAM_EXTENSION_A_not_NONE_connects_ADDRARDADDRL15_Tieoff  
RAMB36E1 site RAMB36_X1Y20 has BlockRam (mp3_inst/music_0/U0/inst_blk_mem_gen/gnbram.gnativebmg.native_blk_mem_gen/valid.cstr/ramloop[16].ram.r/prim_init.ram/DEVICE_7SERIES.NO_BMM_INFO.SP.CASCADED_PRIM36.ram_B) with RAM_EXTENSION_A attribute set to LOWER and ADDRARADDRL15 pin tied to LOGIC 0 (GND). In this case only the Lower BRAM will be used.
Related violations: <none>

PDCN-137#4 Warning
enum_RAM_EXTENSION_A_not_NONE_connects_ADDRARDADDRL15_Tieoff  
RAMB36E1 site RAMB36_X1Y21 has BlockRam (mp3_inst/music_0/U0/inst_blk_mem_gen/gnbram.gnativebmg.native_blk_mem_gen/valid.cstr/ramloop[16].ram.r/prim_init.ram/DEVICE_7SERIES.NO_BMM_INFO.SP.CASCADED_PRIM36.ram_T) with RAM_EXTENSION_A attribute set to UPPER and ADDRARADDRL15 pin tied to LOGIC 0 (GND). In this case only the Lower BRAM will be used.
Related violations: <none>

PDCN-137#5 Warning
enum_RAM_EXTENSION_A_not_NONE_connects_ADDRARDADDRL15_Tieoff  
RAMB36E1 site RAMB36_X2Y16 has BlockRam (mp3_inst/music_0/U0/inst_blk_mem_gen/gnbram.gnativebmg.native_blk_mem_gen/valid.cstr/ramloop[22].ram.r/prim_init.ram/DEVICE_7SERIES.NO_BMM_INFO.SP.CASCADED_PRIM36.ram_B) with RAM_EXTENSION_A attribute set to LOWER and ADDRARADDRL15 pin tied to LOGIC 0 (GND). In this case only the Lower BRAM will be used.
Related violations: <none>

PDCN-137#6 Warning
enum_RAM_EXTENSION_A_not_NONE_connects_ADDRARDADDRL15_Tieoff  
RAMB36E1 site RAMB36_X2Y17 has BlockRam (mp3_inst/music_0/U0/inst_blk_mem_gen/gnbram.gnativebmg.native_blk_mem_gen/valid.cstr/ramloop[22].ram.r/prim_init.ram/DEVICE_7SERIES.NO_BMM_INFO.SP.CASCADED_PRIM36.ram_T) with RAM_EXTENSION_A attribute set to UPPER and ADDRARADDRL15 pin tied to LOGIC 0 (GND). In this case only the Lower BRAM will be used.
Related violations: <none>

PDCN-137#7 Warning
enum_RAM_EXTENSION_A_not_NONE_connects_ADDRARDADDRL15_Tieoff  
RAMB36E1 site RAMB36_X2Y18 has BlockRam (mp3_inst/music_0/U0/inst_blk_mem_gen/gnbram.gnativebmg.native_blk_mem_gen/valid.cstr/ramloop[17].ram.r/prim_init.ram/DEVICE_7SERIES.NO_BMM_INFO.SP.CASCADED_PRIM36.ram_B) with RAM_EXTENSION_A attribute set to LOWER and ADDRARADDRL15 pin tied to LOGIC 0 (GND). In this case only the Lower BRAM will be used.
Related violations: <none>

PDCN-137#8 Warning
enum_RAM_EXTENSION_A_not_NONE_connects_ADDRARDADDRL15_Tieoff  
RAMB36E1 site RAMB36_X2Y19 has BlockRam (mp3_inst/music_0/U0/inst_blk_mem_gen/gnbram.gnativebmg.native_blk_mem_gen/valid.cstr/ramloop[17].ram.r/prim_init.ram/DEVICE_7SERIES.NO_BMM_INFO.SP.CASCADED_PRIM36.ram_T) with RAM_EXTENSION_A attribute set to UPPER and ADDRARADDRL15 pin tied to LOGIC 0 (GND). In this case only the Lower BRAM will be used.
Related violations: <none>

PDCN-137#9 Warning
enum_RAM_EXTENSION_A_not_NONE_connects_ADDRARDADDRL15_Tieoff  
RAMB36E1 site RAMB36_X2Y20 has BlockRam (mp3_inst/music_0/U0/inst_blk_mem_gen/gnbram.gnativebmg.native_blk_mem_gen/valid.cstr/ramloop[18].ram.r/prim_init.ram/DEVICE_7SERIES.NO_BMM_INFO.SP.CASCADED_PRIM36.ram_B) with RAM_EXTENSION_A attribute set to LOWER and ADDRARADDRL15 pin tied to LOGIC 0 (GND). In this case only the Lower BRAM will be used.
Related violations: <none>

PDCN-137#10 Warning
enum_RAM_EXTENSION_A_not_NONE_connects_ADDRARDADDRL15_Tieoff  
RAMB36E1 site RAMB36_X2Y21 has BlockRam (mp3_inst/music_0/U0/inst_blk_mem_gen/gnbram.gnativebmg.native_blk_mem_gen/valid.cstr/ramloop[18].ram.r/prim_init.ram/DEVICE_7SERIES.NO_BMM_INFO.SP.CASCADED_PRIM36.ram_T) with RAM_EXTENSION_A attribute set to UPPER and ADDRARADDRL15 pin tied to LOGIC 0 (GND). In this case only the Lower BRAM will be used.
Related violations: <none>

PDCN-137#11 Warning
enum_RAM_EXTENSION_A_not_NONE_connects_ADDRARDADDRL15_Tieoff  
RAMB36E1 site RAMB36_X2Y22 has BlockRam (mp3_inst/music_0/U0/inst_blk_mem_gen/gnbram.gnativebmg.native_blk_mem_gen/valid.cstr/ramloop[19].ram.r/prim_init.ram/DEVICE_7SERIES.NO_BMM_INFO.SP.CASCADED_PRIM36.ram_B) with RAM_EXTENSION_A attribute set to LOWER and ADDRARADDRL15 pin tied to LOGIC 0 (GND). In this case only the Lower BRAM will be used.
Related violations: <none>

PDCN-137#12 Warning
enum_RAM_EXTENSION_A_not_NONE_connects_ADDRARDADDRL15_Tieoff  
RAMB36E1 site RAMB36_X2Y23 has BlockRam (mp3_inst/music_0/U0/inst_blk_mem_gen/gnbram.gnativebmg.native_blk_mem_gen/valid.cstr/ramloop[19].ram.r/prim_init.ram/DEVICE_7SERIES.NO_BMM_INFO.SP.CASCADED_PRIM36.ram_T) with RAM_EXTENSION_A attribute set to UPPER and ADDRARADDRL15 pin tied to LOGIC 0 (GND). In this case only the Lower BRAM will be used.
Related violations: <none>

PDCN-137#13 Warning
enum_RAM_EXTENSION_A_not_NONE_connects_ADDRARDADDRL15_Tieoff  
RAMB36E1 site RAMB36_X3Y17 has BlockRam (mp3_inst/music_0/U0/inst_blk_mem_gen/gnbram.gnativebmg.native_blk_mem_gen/valid.cstr/ramloop[21].ram.r/prim_init.ram/DEVICE_7SERIES.NO_BMM_INFO.SP.CASCADED_PRIM36.ram_B) with RAM_EXTENSION_A attribute set to LOWER and ADDRARADDRL15 pin tied to LOGIC 0 (GND). In this case only the Lower BRAM will be used.
Related violations: <none>

PDCN-137#14 Warning
enum_RAM_EXTENSION_A_not_NONE_connects_ADDRARDADDRL15_Tieoff  
RAMB36E1 site RAMB36_X3Y18 has BlockRam (mp3_inst/music_0/U0/inst_blk_mem_gen/gnbram.gnativebmg.native_blk_mem_gen/valid.cstr/ramloop[21].ram.r/prim_init.ram/DEVICE_7SERIES.NO_BMM_INFO.SP.CASCADED_PRIM36.ram_T) with RAM_EXTENSION_A attribute set to UPPER and ADDRARADDRL15 pin tied to LOGIC 0 (GND). In this case only the Lower BRAM will be used.
Related violations: <none>

PDRC-153#1 Warning
Gated clock check  
Net shake_0/dout_reg_i_1_n_0 is a gated clock net sourced by a combinational pin shake_0/dout_reg_i_1/O, cell shake_0/dout_reg_i_1. This is not good design practice and will likely impact performance. For SLICE registers, for example, use the CE pin to control the loading of data.
Related violations: <none>

PDRC-153#2 Warning
Gated clock check  
Net shake_1/dout_reg_i_1__0_n_0 is a gated clock net sourced by a combinational pin shake_1/dout_reg_i_1__0/O, cell shake_1/dout_reg_i_1__0. This is not good design practice and will likely impact performance. For SLICE registers, for example, use the CE pin to control the loading of data.
Related violations: <none>

PDRC-153#3 Warning
Gated clock check  
Net shake_2/dout_reg_i_1__1_n_0 is a gated clock net sourced by a combinational pin shake_2/dout_reg_i_1__1/O, cell shake_2/dout_reg_i_1__1. This is not good design practice and will likely impact performance. For SLICE registers, for example, use the CE pin to control the loading of data.
Related violations: <none>

PDRC-153#4 Warning
Gated clock check  
Net shake_3/dout_reg_i_1__2_n_0 is a gated clock net sourced by a combinational pin shake_3/dout_reg_i_1__2/O, cell shake_3/dout_reg_i_1__2. This is not good design practice and will likely impact performance. For SLICE registers, for example, use the CE pin to control the loading of data.
Related violations: <none>

RTSTAT-10#1 Warning
No routable loads  
1334 net(s) have no routable loads. The problem bus(es) and/or net(s) are mp3_inst/addr_reg[0]_i_2_n_1, mp3_inst/addr_reg[0]_i_2_n_2, mp3_inst/addr_reg[0]_i_2_n_3, mp3_inst/addr_reg[4]_i_1_n_1, mp3_inst/addr_reg[4]_i_1_n_2, mp3_inst/addr_reg[4]_i_1_n_3, mp3_inst/addr_reg[8]_i_1_n_1, mp3_inst/addr_reg[8]_i_1_n_2, mp3_inst/addr_reg[8]_i_1_n_3, mp3_inst/cnt_reg[4]_i_2_n_1, mp3_inst/cnt_reg[4]_i_2_n_2, mp3_inst/cnt_reg[4]_i_2_n_3, mp3_inst/cnt_reg[8]_i_2_n_1, mp3_inst/cnt_reg[8]_i_2_n_2, mp3_inst/cnt_reg[8]_i_2_n_3 (the first 15 of 1334 listed).
Related violations: <none>


