# do {three_state_gates_tb_compile.do}
# Model Technology ModelSim SE-64 vmap 10.7 Lib Mapping Utility 2017.12 Dec  7 2017
# vmap xil_defaultlib modelsim_lib/msim/xil_defaultlib 
# Modifying modelsim.ini
# ** Warning: (vlog-159) Mode option -64 is not supported in this context and will be ignored.
# Model Technology ModelSim SE-64 vlog 10.7 Compiler 2017.12 Dec  7 2017
# Start time: 10:31:49 on Sep 24,2023
# vlog -64 -incr -work xil_defaultlib ../../../../three_state_gates.srcs/sources_1/new/three_state_gates.v ../../../../three_state_gates.srcs/sources_1/new/three_state_gates_tb.v 
# -- Compiling module three_state_gates
# -- Compiling module three_state_gates_tb
# 
# Top level modules:
# 	three_state_gates_tb
# End time: 10:31:49 on Sep 24,2023, Elapsed time: 0:00:00
# Errors: 0, Warnings: 1
# Model Technology ModelSim SE-64 vlog 10.7 Compiler 2017.12 Dec  7 2017
# Start time: 10:31:49 on Sep 24,2023
# vlog -work xil_defaultlib glbl.v 
# -- Compiling module glbl
# 
# Top level modules:
# 	glbl
# End time: 10:31:49 on Sep 24,2023, Elapsed time: 0:00:00
# Errors: 0, Warnings: 0
