# //  ModelSim SE-64 10.7 Dec  7 2017
# //
# //  Copyright 1991-2017 Mentor Graphics Corporation
# //  All Rights Reserved.
# //
# //  ModelSim SE-64 and its associated documentation contain trade
# //  secrets and commercial or financial information that are the property of
# //  Mentor Graphics Corporation and are privileged, confidential,
# //  and exempt from disclosure under the Freedom of Information Act,
# //  5 U.S.C. Section 552. Furthermore, this information
# //  is prohibited from disclosure under the Trade Secrets Act,
# //  18 U.S.C. Section 1905.
# //
# do {display7_tb_simulate.do}
# vsim -voptargs=""+acc"" -L xil_defaultlib -L unisims_ver -L unimacro_ver -L secureip -lib xil_defaultlib xil_defaultlib.display7_tb xil_defaultlib.glbl 
# Start time: 22:49:33 on Oct 19,2023
# ** Note: (vsim-3813) Design is being optimized due to module recompilation...
# Loading work.display7_tb(fast)
# Loading work.display7(fast)
# Loading work.glbl(fast)
# 1
# 1
# .main_pane.wave.interior.cs.body.pw.wf
# .main_pane.structure.interior.cs.body.struct
# .main_pane.objects.interior.cs.body.tree
# iData = 0000, oData = 1000000
# iData = 0001, oData = 1111001
# iData = 0010, oData = 0100100
# iData = 0011, oData = 0110000
# iData = 0100, oData = 0011001
# iData = 0101, oData = 0010010
# iData = 0110, oData = 0000010
# iData = 0111, oData = 1111000
# iData = 1000, oData = 0000000
# ** Note: $finish    : ../../../../display7.srcs/sources_1/new/display7_tb.v(25)
#    Time: 100 ns  Iteration: 0  Instance: /display7_tb
# End time: 22:50:17 on Oct 19,2023, Elapsed time: 0:00:44
# Errors: 0, Warnings: 0
